TN:
SF:src\components\col\index.js
FN:23,(anonymous_0)
FN:30,(anonymous_1)
FN:39,(anonymous_2)
FN:41,(anonymous_3)
FN:42,(anonymous_4)
FN:45,(anonymous_5)
FN:53,(anonymous_6)
FNF:7
FNH:7
FNDA:15,(anonymous_0)
FNDA:15,(anonymous_1)
FNDA:15,(anonymous_2)
FNDA:30,(anonymous_3)
FNDA:75,(anonymous_4)
FNDA:10,(anonymous_5)
FNDA:15,(anonymous_6)
DA:24,15
DA:25,15
DA:26,13
DA:28,15
DA:31,15
DA:32,15
DA:33,2
DA:34,2
DA:35,2
DA:37,15
DA:40,15
DA:41,30
DA:42,15
DA:43,75
DA:44,10
DA:45,10
DA:47,5
DA:50,15
DA:54,15
LF:19
LH:19
BRDA:25,0,0,28
BRDA:25,0,1,15
BRDA:28,1,0,2
BRDA:28,1,1,13
BRDA:32,2,0,2
BRDA:32,2,1,13
BRDA:41,3,0,30
BRDA:41,3,1,16
BRDA:41,4,0,15
BRDA:41,4,1,1
BRDA:43,5,0,65
BRDA:43,5,1,10
BRDA:44,6,0,5
BRDA:44,6,1,5
BRDA:45,7,0,5
BRDA:45,7,1,5
BRF:16
BRH:16
end_of_record
TN:
SF:src\components\icon\svg.js
FN:1,(anonymous_0)
FN:1,(anonymous_1)
FN:1,(anonymous_2)
FN:1,(anonymous_3)
FN:1,(anonymous_4)
FN:1,l
FN:1,(anonymous_6)
FNF:7
FNH:4
FNDA:8,(anonymous_0)
FNDA:8,(anonymous_1)
FNDA:8,(anonymous_2)
FNDA:0,(anonymous_3)
FNDA:0,(anonymous_4)
FNDA:0,l
FNDA:8,(anonymous_6)
DA:1,8
LF:1
LH:1
BRDA:1,0,0,0
BRDA:1,0,1,8
BRDA:1,1,0,8
BRDA:1,1,1,0
BRDA:1,2,0,0
BRDA:1,2,1,0
BRDA:1,3,0,8
BRDA:1,3,1,0
BRDA:1,4,0,0
BRDA:1,4,1,8
BRDA:1,5,0,0
BRDA:1,5,1,0
BRDA:1,6,0,0
BRDA:1,6,1,0
BRDA:1,7,0,0
BRDA:1,7,1,0
BRDA:1,8,0,8
BRDA:1,8,1,8
BRDA:1,9,0,8
BRDA:1,9,1,0
BRF:20
BRH:7
end_of_record
TN:
SF:src\components\row\index.js
FN:22,(anonymous_0)
FN:32,(anonymous_1)
FNF:2
FNH:2
FNDA:8,(anonymous_0)
FNDA:8,(anonymous_1)
DA:23,8
DA:24,8
DA:25,1
DA:26,1
DA:27,1
DA:29,8
DA:33,8
LF:7
LH:7
BRDA:24,0,0,1
BRDA:24,0,1,7
BRDA:34,1,0,2
BRDA:34,1,1,6
BRDA:34,2,0,4
BRDA:34,2,1,4
BRF:6
BRH:6
end_of_record
